[2021-03-01 14:40:26,844][root][INFO] - device: cuda:1
task2vec:
  max_samples: 10000
  skip_layers: 0
  method: montecarlo
  method_opts:
    epochs: 1
classifier_opts:
  optimizer: adam
  epochs: 10
  learning_rate: 0.0004
  weight_decay: 0.0001
dataset:
  name: isic2018
  task_id: 1
  root: ~/downloads/Internship
model:
  arch: resnet50
  pretrained: true
loader:
  batch_size: 100
  num_workers: 6
  balanced_sampling: true
  num_samples: 10000

[2021-03-01 14:40:47,719][root][INFO] - Caching features...
[2021-03-01 15:11:47,006][root][INFO] - Fitting final classifier...
