[2021-03-01 17:26:23,452][root][INFO] - device: cuda:1
task2vec:
  max_samples: 10000
  skip_layers: 0
  method: montecarlo
  method_opts:
    epochs: 1
classifier_opts:
  optimizer: adam
  epochs: 10
  learning_rate: 0.0004
  weight_decay: 0.0001
dataset:
  name: isic2018
  task_id: 0
  root: ~/downloads/Internship
model:
  arch: resnet50
  pretrained: true
loader:
  batch_size: 100
  num_workers: 6
  balanced_sampling: true
  num_samples: 10000

[2021-03-01 17:26:46,049][root][INFO] - Caching features...
[2021-03-01 17:31:58,793][root][INFO] - Fitting final classifier...
[2021-03-01 17:31:59,058][root][INFO] - [epoch 0]: loss: 0.0	error: 0.0
[2021-03-01 17:31:59,256][root][INFO] - [epoch 1]: loss: 0.0	error: 0.0
[2021-03-01 17:31:59,452][root][INFO] - [epoch 2]: loss: 0.0	error: 0.0
[2021-03-01 17:31:59,652][root][INFO] - [epoch 3]: loss: 0.0	error: 0.0
[2021-03-01 17:31:59,847][root][INFO] - [epoch 4]: loss: 0.0	error: 0.0
[2021-03-01 17:32:00,048][root][INFO] - [epoch 5]: loss: 0.0	error: 0.0
[2021-03-01 17:32:00,243][root][INFO] - [epoch 6]: loss: 0.0	error: 0.0
[2021-03-01 17:32:00,441][root][INFO] - [epoch 7]: loss: 0.0	error: 0.0
[2021-03-01 17:32:00,656][root][INFO] - [epoch 8]: loss: 0.0	error: 0.0
[2021-03-01 17:32:00,894][root][INFO] - [epoch 9]: loss: 0.0	error: 0.0
[2021-03-01 17:32:00,896][root][INFO] - Using montecarlo Fisher
[2021-03-01 17:32:00,900][root][INFO] - Computing Fisher...
[2021-03-01 17:32:00,943][root][INFO] - 	epoch 1/1
[2021-03-01 20:03:04,703][root][INFO] - done
