[2021-02-10 17:47:21,967][root][INFO] - device: cuda:0
task2vec:
  max_samples: 10000
  skip_layers: 0
  method: montecarlo
  method_opts:
    epochs: 1
classifier_opts:
  optimizer: adam
  epochs: 10
  learning_rate: 0.0004
  weight_decay: 0.0001
dataset:
  name: stl10
  task_id: 0
  root: ~/data
model:
  arch: resnet34
  pretrained: true
loader:
  batch_size: 100
  num_workers: 6
  balanced_sampling: true
  num_samples: 10000

[2021-02-10 17:52:05,720][root][INFO] - Caching features...
[2021-02-10 18:02:47,447][root][INFO] - Fitting final classifier...
[2021-02-10 18:02:47,685][root][INFO] - [epoch 0]: loss: 0.9579215657252532	error: 20.15224358974359
[2021-02-10 18:02:47,899][root][INFO] - [epoch 1]: loss: 0.2904582353165516	error: 4.75761217948718
[2021-02-10 18:02:48,115][root][INFO] - [epoch 2]: loss: 0.1975152366914046	error: 4.126602564102564
[2021-02-10 18:02:48,330][root][INFO] - [epoch 3]: loss: 0.1575167698260301	error: 3.535657051282051
[2021-02-10 18:02:48,547][root][INFO] - [epoch 4]: loss: 0.12830463025527886	error: 3.175080128205128
[2021-02-10 18:02:48,763][root][INFO] - [epoch 5]: loss: 0.11228053176250213	error: 2.7243589743589745
[2021-02-10 18:02:48,986][root][INFO] - [epoch 6]: loss: 0.10604144121782902	error: 2.4138621794871793
[2021-02-10 18:02:49,205][root][INFO] - [epoch 7]: loss: 0.08980451435901415	error: 2.0532852564102564
[2021-02-10 18:02:49,420][root][INFO] - [epoch 8]: loss: 0.0846251357609454	error: 2.0232371794871793
[2021-02-10 18:02:49,639][root][INFO] - [epoch 9]: loss: 0.07683875587267372	error: 1.6025641025641026
[2021-02-10 18:02:49,639][root][INFO] - Using montecarlo Fisher
[2021-02-10 18:02:49,642][root][INFO] - Computing Fisher...
[2021-02-10 18:02:49,682][root][INFO] - 	epoch 1/1
[2021-02-10 19:01:30,984][root][INFO] - done
